  Source.cpp
C:\Users\eemee\source\repos\PhoneBook\PhoneBook\Source.cpp(95,8): warning C4477: "scanf": в строке форматирования "%s" требуется аргумент типа "char *", но вариативный аргумент "1" имеет тип "std::vector<std::string,std::allocator<_Ty>> *"
C:\Users\eemee\source\repos\PhoneBook\PhoneBook\Source.cpp(95,8): warning C4477:         with
C:\Users\eemee\source\repos\PhoneBook\PhoneBook\Source.cpp(95,8): warning C4477:         [
C:\Users\eemee\source\repos\PhoneBook\PhoneBook\Source.cpp(95,8): warning C4477:             _Ty=std::string
C:\Users\eemee\source\repos\PhoneBook\PhoneBook\Source.cpp(95,8): warning C4477:         ]
C:\Users\eemee\source\repos\PhoneBook\PhoneBook\Source.cpp(96,13): warning C4477: "fprintf": в строке форматирования "%s" требуется аргумент типа "char *", но вариативный аргумент "1" имеет тип "std::vector<std::string,std::allocator<_Ty>> *"
C:\Users\eemee\source\repos\PhoneBook\PhoneBook\Source.cpp(96,13): warning C4477:         with
C:\Users\eemee\source\repos\PhoneBook\PhoneBook\Source.cpp(96,13): warning C4477:         [
C:\Users\eemee\source\repos\PhoneBook\PhoneBook\Source.cpp(96,13): warning C4477:             _Ty=std::string
C:\Users\eemee\source\repos\PhoneBook\PhoneBook\Source.cpp(96,13): warning C4477:         ]
C:\Users\eemee\source\repos\PhoneBook\PhoneBook\Source.cpp(98,8): warning C4477: "scanf": в строке форматирования "%s" требуется аргумент типа "char *", но вариативный аргумент "1" имеет тип "std::vector<std::string,std::allocator<_Ty>> *"
C:\Users\eemee\source\repos\PhoneBook\PhoneBook\Source.cpp(98,8): warning C4477:         with
C:\Users\eemee\source\repos\PhoneBook\PhoneBook\Source.cpp(98,8): warning C4477:         [
C:\Users\eemee\source\repos\PhoneBook\PhoneBook\Source.cpp(98,8): warning C4477:             _Ty=std::string
C:\Users\eemee\source\repos\PhoneBook\PhoneBook\Source.cpp(98,8): warning C4477:         ]
C:\Users\eemee\source\repos\PhoneBook\PhoneBook\Source.cpp(99,13): warning C4477: "fprintf": в строке форматирования "%s" требуется аргумент типа "char *", но вариативный аргумент "1" имеет тип "std::vector<std::string,std::allocator<_Ty>> *"
C:\Users\eemee\source\repos\PhoneBook\PhoneBook\Source.cpp(99,13): warning C4477:         with
C:\Users\eemee\source\repos\PhoneBook\PhoneBook\Source.cpp(99,13): warning C4477:         [
C:\Users\eemee\source\repos\PhoneBook\PhoneBook\Source.cpp(99,13): warning C4477:             _Ty=std::string
C:\Users\eemee\source\repos\PhoneBook\PhoneBook\Source.cpp(99,13): warning C4477:         ]
C:\Users\eemee\source\repos\PhoneBook\PhoneBook\Source.cpp(101,8): warning C4477: "scanf": в строке форматирования "%s" требуется аргумент типа "char *", но вариативный аргумент "1" имеет тип "std::vector<std::string,std::allocator<_Ty>> *"
C:\Users\eemee\source\repos\PhoneBook\PhoneBook\Source.cpp(101,8): warning C4477:         with
C:\Users\eemee\source\repos\PhoneBook\PhoneBook\Source.cpp(101,8): warning C4477:         [
C:\Users\eemee\source\repos\PhoneBook\PhoneBook\Source.cpp(101,8): warning C4477:             _Ty=std::string
C:\Users\eemee\source\repos\PhoneBook\PhoneBook\Source.cpp(101,8): warning C4477:         ]
C:\Users\eemee\source\repos\PhoneBook\PhoneBook\Source.cpp(102,13): warning C4477: "fprintf": в строке форматирования "%s" требуется аргумент типа "char *", но вариативный аргумент "1" имеет тип "std::vector<std::string,std::allocator<_Ty>> *"
C:\Users\eemee\source\repos\PhoneBook\PhoneBook\Source.cpp(102,13): warning C4477:         with
C:\Users\eemee\source\repos\PhoneBook\PhoneBook\Source.cpp(102,13): warning C4477:         [
C:\Users\eemee\source\repos\PhoneBook\PhoneBook\Source.cpp(102,13): warning C4477:             _Ty=std::string
C:\Users\eemee\source\repos\PhoneBook\PhoneBook\Source.cpp(102,13): warning C4477:         ]
C:\Users\eemee\source\repos\PhoneBook\PhoneBook\Source.cpp(104,8): warning C4477: "scanf": в строке форматирования "%s" требуется аргумент типа "char *", но вариативный аргумент "1" имеет тип "std::vector<std::string,std::allocator<_Ty>> *"
C:\Users\eemee\source\repos\PhoneBook\PhoneBook\Source.cpp(104,8): warning C4477:         with
C:\Users\eemee\source\repos\PhoneBook\PhoneBook\Source.cpp(104,8): warning C4477:         [
C:\Users\eemee\source\repos\PhoneBook\PhoneBook\Source.cpp(104,8): warning C4477:             _Ty=std::string
C:\Users\eemee\source\repos\PhoneBook\PhoneBook\Source.cpp(104,8): warning C4477:         ]
C:\Users\eemee\source\repos\PhoneBook\PhoneBook\Source.cpp(105,13): warning C4477: "fprintf": в строке форматирования "%s" требуется аргумент типа "char *", но вариативный аргумент "1" имеет тип "std::vector<std::string,std::allocator<_Ty>> *"
C:\Users\eemee\source\repos\PhoneBook\PhoneBook\Source.cpp(105,13): warning C4477:         with
C:\Users\eemee\source\repos\PhoneBook\PhoneBook\Source.cpp(105,13): warning C4477:         [
C:\Users\eemee\source\repos\PhoneBook\PhoneBook\Source.cpp(105,13): warning C4477:             _Ty=std::string
C:\Users\eemee\source\repos\PhoneBook\PhoneBook\Source.cpp(105,13): warning C4477:         ]
  PhoneBook.vcxproj -> C:\Users\eemee\source\repos\PhoneBook\Debug\PhoneBook.exe
